[DEBUG] (MainThread) Starting new HTTP connection (1): www.google.com
[DEBUG] (MainThread) http://www.google.com:80 "GET / HTTP/1.1" 200 4841
Sending CONNECT (u1, p1, wr0, wq0, wf0, c1, k60) client_id=b'Client1'
Connected to MQTT Broker!
Received CONNACK (0, 0)
Caught exception in on_connect: name 'myEvent' is not defined
Internet is available!
Sending PUBLISH (d0, q0, r0, m1), 'b'VirtualProject'', ... (1 bytes)
mid: 1
Connection to MQTT brocker terminated
Sending CONNECT (u1, p1, wr0, wq0, wf0, c1, k60) client_id=b'Client1'
Received CONNACK (0, 0)
Caught exception in on_connect: name 'myEvent' is not defined
Sending PUBLISH (d0, q0, r0, m3), 'b'VirtualProject'', ... (1 bytes)
mid: 3
Connection to MQTT brocker terminated
Sending CONNECT (u1, p1, wr0, wq0, wf0, c1, k60) client_id=b'Client1'
Received CONNACK (0, 0)
Caught exception in on_connect: name 'myEvent' is not defined
Sending PUBLISH (d0, q0, r0, m4), 'b'VirtualProject'', ... (1 bytes)
mid: 4
Connection to MQTT brocker terminated
Sending CONNECT (u1, p1, wr0, wq0, wf0, c1, k60) client_id=b'Client1'
Received CONNACK (0, 0)
Caught exception in on_connect: name 'myEvent' is not defined
Sending PUBLISH (d0, q0, r0, m5), 'b'VirtualProject'', ... (1 bytes)
mid: 5
Connection to MQTT brocker terminated
Sending CONNECT (u1, p1, wr0, wq0, wf0, c1, k60) client_id=b'Client1'
Received CONNACK (0, 0)
Caught exception in on_connect: name 'myEvent' is not defined
Sending PUBLISH (d0, q0, r0, m7), 'b'VirtualProject'', ... (1 bytes)
mid: 7
Connection to MQTT brocker terminated
Sending CONNECT (u1, p1, wr0, wq0, wf0, c1, k60) client_id=b'Client1'
Received CONNACK (0, 0)
Caught exception in on_connect: name 'myEvent' is not defined
Sending PUBLISH (d0, q0, r0, m8), 'b'VirtualProject'', ... (1 bytes)
mid: 8
Connection to MQTT brocker terminated
Sending CONNECT (u1, p1, wr0, wq0, wf0, c1, k60) client_id=b'Client1'
Sending PUBLISH (d0, q0, r0, m9), 'b'VirtualProject'', ... (1 bytes)
mid: 9
Received CONNACK (0, 0)
Caught exception in on_connect: name 'myEvent' is not defined
Connection to MQTT brocker terminated
Sending CONNECT (u1, p1, wr0, wq0, wf0, c1, k60) client_id=b'Client1'
Received CONNACK (0, 0)
Caught exception in on_connect: name 'myEvent' is not defined
Sending PUBLISH (d0, q0, r0, m11), 'b'VirtualProject'', ... (1 bytes)
mid: 11
Connection to MQTT brocker terminated
Sending CONNECT (u1, p1, wr0, wq0, wf0, c1, k60) client_id=b'Client1'
Received CONNACK (0, 0)
Caught exception in on_connect: name 'myEvent' is not defined
Sending PUBLISH (d0, q0, r0, m12), 'b'VirtualProject'', ... (1 bytes)
mid: 12
Connection to MQTT brocker terminated
Sending CONNECT (u1, p1, wr0, wq0, wf0, c1, k60) client_id=b'Client1'
Received CONNACK (0, 0)
Caught exception in on_connect: name 'myEvent' is not defined
Sending PUBLISH (d0, q0, r0, m13), 'b'VirtualProject'', ... (1 bytes)
mid: 13
Connection to MQTT brocker terminated
Sending CONNECT (u1, p1, wr0, wq0, wf0, c1, k60) client_id=b'Client1'
Received CONNACK (0, 0)
Caught exception in on_connect: name 'myEvent' is not defined
Sending PUBLISH (d0, q0, r0, m15), 'b'VirtualProject'', ... (1 bytes)
mid: 15
Connection to MQTT brocker terminated
Sending CONNECT (u1, p1, wr0, wq0, wf0, c1, k60) client_id=b'Client1'
Received CONNACK (0, 0)
Caught exception in on_connect: name 'myEvent' is not defined
Sending PUBLISH (d0, q0, r0, m16), 'b'VirtualProject'', ... (1 bytes)
mid: 16
Connection to MQTT brocker terminated
Sending CONNECT (u1, p1, wr0, wq0, wf0, c1, k60) client_id=b'Client1'
Received CONNACK (0, 0)
Caught exception in on_connect: name 'myEvent' is not defined
Sending PUBLISH (d0, q0, r0, m17), 'b'VirtualProject'', ... (1 bytes)
mid: 17
Connection to MQTT brocker terminated
Sending CONNECT (u1, p1, wr0, wq0, wf0, c1, k60) client_id=b'Client1'
Received CONNACK (0, 0)
Caught exception in on_connect: name 'myEvent' is not defined
Connection to MQTT brocker terminated
Sending CONNECT (u1, p1, wr0, wq0, wf0, c1, k60) client_id=b'Client1'
Received CONNACK (0, 0)
Caught exception in on_connect: name 'myEvent' is not defined
Sending PUBLISH (d0, q0, r0, m20), 'b'VirtualProject'', ... (1 bytes)
mid: 20
Traceback (most recent call last):
  File "NumSide.py", line 163, in <module>
    main()
  File "NumSide.py", line 159, in main
    myMqtt.run()
  File "NumSide.py", line 133, in run
    time.sleep(2)
KeyboardInterrupt
